2022-05-17 09:25:40.643  INFO 21540 --- [main] c.guilin.studycode.StudyCodeApplication  : Starting StudyCodeApplication using Java 1.8.0_171 on DESKTOP-P99LHU4 with PID 21540 (E:\studyCode\StudyCode\target\classes started by guilin in E:\studyCode\StudyCode)
2022-05-17 09:25:40.674  INFO 21540 --- [main] c.guilin.studycode.StudyCodeApplication  : The following profiles are active: test
2022-05-17 09:25:42.553  INFO 21540 --- [main] .s.d.r.c.RepositoryConfigurationDelegate : Multiple Spring Data modules found, entering strict repository configuration mode!
2022-05-17 09:25:42.557  INFO 21540 --- [main] .s.d.r.c.RepositoryConfigurationDelegate : Bootstrapping Spring Data Redis repositories in DEFAULT mode.
2022-05-17 09:25:42.596  INFO 21540 --- [main] .s.d.r.c.RepositoryConfigurationDelegate : Finished Spring Data repository scanning in 19 ms. Found 0 Redis repository interfaces.
2022-05-17 09:25:43.244  INFO 21540 --- [main] trationDelegate$BeanPostProcessorChecker : Bean 'redisConfig' of type [com.guilin.studycode.config.RedisConfig$$EnhancerBySpringCGLIB$$6bb9da69] is not eligible for getting processed by all BeanPostProcessors (for example: not eligible for auto-proxying)
2022-05-17 09:25:43.766  INFO 21540 --- [main] o.s.b.w.embedded.tomcat.TomcatWebServer  : Tomcat initialized with port(s): 8081 (http)
2022-05-17 09:25:43.777  INFO 21540 --- [main] o.apache.catalina.core.StandardService   : Starting service [Tomcat]
2022-05-17 09:25:43.777  INFO 21540 --- [main] org.apache.catalina.core.StandardEngine  : Starting Servlet engine: [Apache Tomcat/9.0.54]
2022-05-17 09:25:43.910  INFO 21540 --- [main] o.a.c.c.C.[Tomcat].[localhost].[/]       : Initializing Spring embedded WebApplicationContext
2022-05-17 09:25:43.911  INFO 21540 --- [main] w.s.c.ServletWebServerApplicationContext : Root WebApplicationContext: initialization completed in 3149 ms
2022-05-17 09:25:44.201  INFO 21540 --- [main] com.zaxxer.hikari.HikariDataSource       : HikariPool-1 - Starting...
2022-05-17 09:25:44.355  INFO 21540 --- [main] com.zaxxer.hikari.HikariDataSource       : HikariPool-1 - Start completed.
2022-05-17 09:25:44.860  INFO 21540 --- [main] org.quartz.impl.StdSchedulerFactory      : Using default implementation for ThreadExecutor
2022-05-17 09:25:44.874  INFO 21540 --- [main] org.quartz.core.SchedulerSignalerImpl    : Initialized Scheduler Signaller of type: class org.quartz.core.SchedulerSignalerImpl
2022-05-17 09:25:44.874  INFO 21540 --- [main] org.quartz.core.QuartzScheduler          : Quartz Scheduler v.2.3.2 created.
2022-05-17 09:25:44.875  INFO 21540 --- [main] org.quartz.simpl.RAMJobStore             : RAMJobStore initialized.
2022-05-17 09:25:44.876  INFO 21540 --- [main] org.quartz.core.QuartzScheduler          : Scheduler meta-data: Quartz Scheduler (v2.3.2) 'quartzScheduler' with instanceId 'NON_CLUSTERED'
  Scheduler class: 'org.quartz.core.QuartzScheduler' - running locally.
  NOT STARTED.
  Currently in standby mode.
  Number of jobs executed: 0
  Using thread pool 'org.quartz.simpl.SimpleThreadPool' - with 10 threads.
  Using job-store 'org.quartz.simpl.RAMJobStore' - which does not support persistence. and is not clustered.

2022-05-17 09:25:44.876  INFO 21540 --- [main] org.quartz.impl.StdSchedulerFactory      : Quartz scheduler 'quartzScheduler' initialized from an externally provided properties instance.
2022-05-17 09:25:44.876  INFO 21540 --- [main] org.quartz.impl.StdSchedulerFactory      : Quartz scheduler version: 2.3.2
2022-05-17 09:25:44.876  INFO 21540 --- [main] org.quartz.core.QuartzScheduler          : JobFactory set to: org.springframework.scheduling.quartz.SpringBeanJobFactory@38d42ab7
2022-05-17 09:25:46.283  INFO 21540 --- [main] o.s.b.w.embedded.tomcat.TomcatWebServer  : Tomcat started on port(s): 8081 (http) with context path ''
2022-05-17 09:25:46.550  WARN 21540 --- [main] d.s.r.o.OperationImplicitParameterReader : Unable to interpret the implicit parameter configuration with dataType: , dataTypeClass: class java.lang.Void
2022-05-17 09:25:46.553  WARN 21540 --- [main] d.s.r.o.OperationImplicitParameterReader : Unable to interpret the implicit parameter configuration with dataType: , dataTypeClass: class java.lang.Void
2022-05-17 09:25:46.553  WARN 21540 --- [main] d.s.r.o.OperationImplicitParameterReader : Unable to interpret the implicit parameter configuration with dataType: , dataTypeClass: class java.lang.Void
2022-05-17 09:25:46.553  WARN 21540 --- [main] d.s.r.o.OperationImplicitParameterReader : Unable to interpret the implicit parameter configuration with dataType: , dataTypeClass: class java.lang.Void
2022-05-17 09:25:46.598  WARN 21540 --- [main] d.s.r.o.OperationImplicitParameterReader : Unable to interpret the implicit parameter configuration with dataType: , dataTypeClass: class java.lang.Void
2022-05-17 09:25:46.599  WARN 21540 --- [main] d.s.r.o.OperationImplicitParameterReader : Unable to interpret the implicit parameter configuration with dataType: , dataTypeClass: class java.lang.Void
2022-05-17 09:25:46.599  WARN 21540 --- [main] d.s.r.o.OperationImplicitParameterReader : Unable to interpret the implicit parameter configuration with dataType: , dataTypeClass: class java.lang.Void
2022-05-17 09:25:46.600  WARN 21540 --- [main] d.s.r.o.OperationImplicitParameterReader : Unable to interpret the implicit parameter configuration with dataType: , dataTypeClass: class java.lang.Void
2022-05-17 09:25:46.618  INFO 21540 --- [main] o.s.s.quartz.SchedulerFactoryBean        : Starting Quartz Scheduler now
2022-05-17 09:25:46.618  INFO 21540 --- [main] org.quartz.core.QuartzScheduler          : Scheduler quartzScheduler_$_NON_CLUSTERED started.
2022-05-17 09:25:46.631  INFO 21540 --- [main] c.guilin.studycode.StudyCodeApplication  : Started StudyCodeApplication in 6.857 seconds (JVM running for 12.256)
2022-05-17 09:27:54.320  INFO 21540 --- [SpringApplicationShutdownHook] org.quartz.core.QuartzScheduler          : Scheduler quartzScheduler_$_NON_CLUSTERED paused.
2022-05-17 09:28:01.993  INFO 20976 --- [main] c.guilin.studycode.StudyCodeApplication  : Starting StudyCodeApplication using Java 1.8.0_171 on DESKTOP-P99LHU4 with PID 20976 (E:\studyCode\StudyCode\target\classes started by guilin in E:\studyCode\StudyCode)
2022-05-17 09:28:01.995  INFO 20976 --- [main] c.guilin.studycode.StudyCodeApplication  : The following profiles are active: test
2022-05-17 09:28:03.039  INFO 20976 --- [main] .s.d.r.c.RepositoryConfigurationDelegate : Multiple Spring Data modules found, entering strict repository configuration mode!
2022-05-17 09:28:03.041  INFO 20976 --- [main] .s.d.r.c.RepositoryConfigurationDelegate : Bootstrapping Spring Data Redis repositories in DEFAULT mode.
2022-05-17 09:28:03.078  INFO 20976 --- [main] .s.d.r.c.RepositoryConfigurationDelegate : Finished Spring Data repository scanning in 22 ms. Found 0 Redis repository interfaces.
2022-05-17 09:28:03.549  INFO 20976 --- [main] trationDelegate$BeanPostProcessorChecker : Bean 'redisConfig' of type [com.guilin.studycode.config.RedisConfig$$EnhancerBySpringCGLIB$$1b9d02a2] is not eligible for getting processed by all BeanPostProcessors (for example: not eligible for auto-proxying)
2022-05-17 09:28:03.940  INFO 20976 --- [main] o.s.b.w.embedded.tomcat.TomcatWebServer  : Tomcat initialized with port(s): 8081 (http)
2022-05-17 09:28:03.951  INFO 20976 --- [main] o.apache.catalina.core.StandardService   : Starting service [Tomcat]
2022-05-17 09:28:03.952  INFO 20976 --- [main] org.apache.catalina.core.StandardEngine  : Starting Servlet engine: [Apache Tomcat/9.0.54]
2022-05-17 09:28:04.086  INFO 20976 --- [main] o.a.c.c.C.[Tomcat].[localhost].[/]       : Initializing Spring embedded WebApplicationContext
2022-05-17 09:28:04.087  INFO 20976 --- [main] w.s.c.ServletWebServerApplicationContext : Root WebApplicationContext: initialization completed in 2031 ms
2022-05-17 09:28:04.326  INFO 20976 --- [main] com.zaxxer.hikari.HikariDataSource       : HikariPool-1 - Starting...
2022-05-17 09:28:04.429  INFO 20976 --- [main] com.zaxxer.hikari.HikariDataSource       : HikariPool-1 - Start completed.
2022-05-17 09:28:04.909  INFO 20976 --- [main] org.quartz.impl.StdSchedulerFactory      : Using default implementation for ThreadExecutor
2022-05-17 09:28:04.920  INFO 20976 --- [main] org.quartz.core.SchedulerSignalerImpl    : Initialized Scheduler Signaller of type: class org.quartz.core.SchedulerSignalerImpl
2022-05-17 09:28:04.920  INFO 20976 --- [main] org.quartz.core.QuartzScheduler          : Quartz Scheduler v.2.3.2 created.
2022-05-17 09:28:04.922  INFO 20976 --- [main] org.quartz.simpl.RAMJobStore             : RAMJobStore initialized.
2022-05-17 09:28:04.923  INFO 20976 --- [main] org.quartz.core.QuartzScheduler          : Scheduler meta-data: Quartz Scheduler (v2.3.2) 'quartzScheduler' with instanceId 'NON_CLUSTERED'
  Scheduler class: 'org.quartz.core.QuartzScheduler' - running locally.
  NOT STARTED.
  Currently in standby mode.
  Number of jobs executed: 0
  Using thread pool 'org.quartz.simpl.SimpleThreadPool' - with 10 threads.
  Using job-store 'org.quartz.simpl.RAMJobStore' - which does not support persistence. and is not clustered.

2022-05-17 09:28:04.923  INFO 20976 --- [main] org.quartz.impl.StdSchedulerFactory      : Quartz scheduler 'quartzScheduler' initialized from an externally provided properties instance.
2022-05-17 09:28:04.923  INFO 20976 --- [main] org.quartz.impl.StdSchedulerFactory      : Quartz scheduler version: 2.3.2
2022-05-17 09:28:04.923  INFO 20976 --- [main] org.quartz.core.QuartzScheduler          : JobFactory set to: org.springframework.scheduling.quartz.SpringBeanJobFactory@180b3819
2022-05-17 09:28:06.217  INFO 20976 --- [main] o.s.b.w.embedded.tomcat.TomcatWebServer  : Tomcat started on port(s): 8081 (http) with context path ''
2022-05-17 09:28:06.451  WARN 20976 --- [main] d.s.r.o.OperationImplicitParameterReader : Unable to interpret the implicit parameter configuration with dataType: , dataTypeClass: class java.lang.Void
2022-05-17 09:28:06.453  WARN 20976 --- [main] d.s.r.o.OperationImplicitParameterReader : Unable to interpret the implicit parameter configuration with dataType: , dataTypeClass: class java.lang.Void
2022-05-17 09:28:06.453  WARN 20976 --- [main] d.s.r.o.OperationImplicitParameterReader : Unable to interpret the implicit parameter configuration with dataType: , dataTypeClass: class java.lang.Void
2022-05-17 09:28:06.454  WARN 20976 --- [main] d.s.r.o.OperationImplicitParameterReader : Unable to interpret the implicit parameter configuration with dataType: , dataTypeClass: class java.lang.Void
2022-05-17 09:28:06.509  WARN 20976 --- [main] d.s.r.o.OperationImplicitParameterReader : Unable to interpret the implicit parameter configuration with dataType: , dataTypeClass: class java.lang.Void
2022-05-17 09:28:06.509  WARN 20976 --- [main] d.s.r.o.OperationImplicitParameterReader : Unable to interpret the implicit parameter configuration with dataType: , dataTypeClass: class java.lang.Void
2022-05-17 09:28:06.510  WARN 20976 --- [main] d.s.r.o.OperationImplicitParameterReader : Unable to interpret the implicit parameter configuration with dataType: , dataTypeClass: class java.lang.Void
2022-05-17 09:28:06.510  WARN 20976 --- [main] d.s.r.o.OperationImplicitParameterReader : Unable to interpret the implicit parameter configuration with dataType: , dataTypeClass: class java.lang.Void
2022-05-17 09:28:06.527  INFO 20976 --- [main] o.s.s.quartz.SchedulerFactoryBean        : Starting Quartz Scheduler now
2022-05-17 09:28:06.527  INFO 20976 --- [main] org.quartz.core.QuartzScheduler          : Scheduler quartzScheduler_$_NON_CLUSTERED started.
2022-05-17 09:28:06.540  INFO 20976 --- [main] c.guilin.studycode.StudyCodeApplication  : Started StudyCodeApplication in 5.037 seconds (JVM running for 6.892)
2022-05-17 09:28:06.545  INFO 20976 --- [main] com.guilin.studycode.config.LogAsPect    : get in com.guilin.studycode.controller.runs.RunsController.run ,参数是 params :[org.springframework.boot.DefaultApplicationArguments@18db3b3c]
2022-05-17 09:28:06.549  INFO 20976 --- [main] o.s.boot.ApplicationRunner               : 启动时自动执行
2022-05-17 11:36:36.398  INFO 31400 --- [main] c.guilin.studycode.StudyCodeApplication  : Starting StudyCodeApplication using Java 1.8.0_171 on DESKTOP-P99LHU4 with PID 31400 (E:\studyCode\StudyCode\target\classes started by guilin in E:\studyCode\StudyCode)
2022-05-17 11:36:36.402  INFO 31400 --- [main] c.guilin.studycode.StudyCodeApplication  : The following profiles are active: test
2022-05-17 11:36:37.703  INFO 31400 --- [main] .s.d.r.c.RepositoryConfigurationDelegate : Multiple Spring Data modules found, entering strict repository configuration mode!
2022-05-17 11:36:37.707  INFO 31400 --- [main] .s.d.r.c.RepositoryConfigurationDelegate : Bootstrapping Spring Data Redis repositories in DEFAULT mode.
2022-05-17 11:36:37.743  INFO 31400 --- [main] .s.d.r.c.RepositoryConfigurationDelegate : Finished Spring Data repository scanning in 21 ms. Found 0 Redis repository interfaces.
2022-05-17 11:36:38.276  INFO 31400 --- [main] trationDelegate$BeanPostProcessorChecker : Bean 'redisConfig' of type [com.guilin.studycode.config.RedisConfig$$EnhancerBySpringCGLIB$$32704b0f] is not eligible for getting processed by all BeanPostProcessors (for example: not eligible for auto-proxying)
2022-05-17 11:36:38.650  INFO 31400 --- [main] o.s.b.w.embedded.tomcat.TomcatWebServer  : Tomcat initialized with port(s): 8081 (http)
2022-05-17 11:36:38.675  INFO 31400 --- [main] o.apache.catalina.core.StandardService   : Starting service [Tomcat]
2022-05-17 11:36:38.675  INFO 31400 --- [main] org.apache.catalina.core.StandardEngine  : Starting Servlet engine: [Apache Tomcat/9.0.54]
2022-05-17 11:36:38.815  INFO 31400 --- [main] o.a.c.c.C.[Tomcat].[localhost].[/]       : Initializing Spring embedded WebApplicationContext
2022-05-17 11:36:38.816  INFO 31400 --- [main] w.s.c.ServletWebServerApplicationContext : Root WebApplicationContext: initialization completed in 2335 ms
2022-05-17 11:36:39.144  INFO 31400 --- [main] com.zaxxer.hikari.HikariDataSource       : HikariPool-1 - Starting...
2022-05-17 11:36:39.292  INFO 31400 --- [main] com.zaxxer.hikari.HikariDataSource       : HikariPool-1 - Start completed.
2022-05-17 11:36:39.820  INFO 31400 --- [main] org.quartz.impl.StdSchedulerFactory      : Using default implementation for ThreadExecutor
2022-05-17 11:36:39.833  INFO 31400 --- [main] org.quartz.core.SchedulerSignalerImpl    : Initialized Scheduler Signaller of type: class org.quartz.core.SchedulerSignalerImpl
2022-05-17 11:36:39.833  INFO 31400 --- [main] org.quartz.core.QuartzScheduler          : Quartz Scheduler v.2.3.2 created.
2022-05-17 11:36:39.835  INFO 31400 --- [main] org.quartz.simpl.RAMJobStore             : RAMJobStore initialized.
2022-05-17 11:36:39.837  INFO 31400 --- [main] org.quartz.core.QuartzScheduler          : Scheduler meta-data: Quartz Scheduler (v2.3.2) 'quartzScheduler' with instanceId 'NON_CLUSTERED'
  Scheduler class: 'org.quartz.core.QuartzScheduler' - running locally.
  NOT STARTED.
  Currently in standby mode.
  Number of jobs executed: 0
  Using thread pool 'org.quartz.simpl.SimpleThreadPool' - with 10 threads.
  Using job-store 'org.quartz.simpl.RAMJobStore' - which does not support persistence. and is not clustered.

2022-05-17 11:36:39.837  INFO 31400 --- [main] org.quartz.impl.StdSchedulerFactory      : Quartz scheduler 'quartzScheduler' initialized from an externally provided properties instance.
2022-05-17 11:36:39.837  INFO 31400 --- [main] org.quartz.impl.StdSchedulerFactory      : Quartz scheduler version: 2.3.2
2022-05-17 11:36:39.837  INFO 31400 --- [main] org.quartz.core.QuartzScheduler          : JobFactory set to: org.springframework.scheduling.quartz.SpringBeanJobFactory@32b112a1
2022-05-17 11:36:41.232  INFO 31400 --- [main] o.s.b.w.embedded.tomcat.TomcatWebServer  : Tomcat started on port(s): 8081 (http) with context path ''
2022-05-17 11:36:41.560  WARN 31400 --- [main] d.s.r.o.OperationImplicitParameterReader : Unable to interpret the implicit parameter configuration with dataType: , dataTypeClass: class java.lang.Void
2022-05-17 11:36:41.562  WARN 31400 --- [main] d.s.r.o.OperationImplicitParameterReader : Unable to interpret the implicit parameter configuration with dataType: , dataTypeClass: class java.lang.Void
2022-05-17 11:36:41.562  WARN 31400 --- [main] d.s.r.o.OperationImplicitParameterReader : Unable to interpret the implicit parameter configuration with dataType: , dataTypeClass: class java.lang.Void
2022-05-17 11:36:41.563  WARN 31400 --- [main] d.s.r.o.OperationImplicitParameterReader : Unable to interpret the implicit parameter configuration with dataType: , dataTypeClass: class java.lang.Void
2022-05-17 11:36:41.603  WARN 31400 --- [main] d.s.r.o.OperationImplicitParameterReader : Unable to interpret the implicit parameter configuration with dataType: , dataTypeClass: class java.lang.Void
2022-05-17 11:36:41.603  WARN 31400 --- [main] d.s.r.o.OperationImplicitParameterReader : Unable to interpret the implicit parameter configuration with dataType: , dataTypeClass: class java.lang.Void
2022-05-17 11:36:41.603  WARN 31400 --- [main] d.s.r.o.OperationImplicitParameterReader : Unable to interpret the implicit parameter configuration with dataType: , dataTypeClass: class java.lang.Void
2022-05-17 11:36:41.603  WARN 31400 --- [main] d.s.r.o.OperationImplicitParameterReader : Unable to interpret the implicit parameter configuration with dataType: , dataTypeClass: class java.lang.Void
2022-05-17 11:36:41.622  INFO 31400 --- [main] o.s.s.quartz.SchedulerFactoryBean        : Starting Quartz Scheduler now
2022-05-17 11:36:41.623  INFO 31400 --- [main] org.quartz.core.QuartzScheduler          : Scheduler quartzScheduler_$_NON_CLUSTERED started.
2022-05-17 11:36:41.636  INFO 31400 --- [main] c.guilin.studycode.StudyCodeApplication  : Started StudyCodeApplication in 5.952 seconds (JVM running for 8.096)
2022-05-17 11:36:41.642  INFO 31400 --- [main] com.guilin.studycode.config.LogAsPect    : get in com.guilin.studycode.controller.runs.RunsController.run ,参数是 params :[org.springframework.boot.DefaultApplicationArguments@abf1816]
2022-05-17 11:36:41.647  INFO 31400 --- [main] o.s.boot.ApplicationRunner               : 启动时自动执行
2022-05-17 11:37:04.231  INFO 31400 --- [http-nio-8081-exec-1] o.a.c.c.C.[Tomcat].[localhost].[/]       : Initializing Spring DispatcherServlet 'dispatcherServlet'
2022-05-17 11:37:04.232  INFO 31400 --- [http-nio-8081-exec-1] o.s.web.servlet.DispatcherServlet        : Initializing Servlet 'dispatcherServlet'
2022-05-17 11:37:04.234  INFO 31400 --- [http-nio-8081-exec-1] o.s.web.servlet.DispatcherServlet        : Completed initialization in 2 ms
2022-05-17 11:38:53.251  INFO 31400 --- [SpringApplicationShutdownHook] org.quartz.core.QuartzScheduler          : Scheduler quartzScheduler_$_NON_CLUSTERED paused.
2022-05-17 11:39:02.670  INFO 32636 --- [main] c.guilin.studycode.StudyCodeApplication  : Starting StudyCodeApplication using Java 1.8.0_171 on DESKTOP-P99LHU4 with PID 32636 (E:\studyCode\StudyCode\target\classes started by guilin in E:\studyCode\StudyCode)
2022-05-17 11:39:02.673  INFO 32636 --- [main] c.guilin.studycode.StudyCodeApplication  : The following profiles are active: test
2022-05-17 11:39:03.685  INFO 32636 --- [main] .s.d.r.c.RepositoryConfigurationDelegate : Multiple Spring Data modules found, entering strict repository configuration mode!
2022-05-17 11:39:03.687  INFO 32636 --- [main] .s.d.r.c.RepositoryConfigurationDelegate : Bootstrapping Spring Data Redis repositories in DEFAULT mode.
2022-05-17 11:39:03.720  INFO 32636 --- [main] .s.d.r.c.RepositoryConfigurationDelegate : Finished Spring Data repository scanning in 20 ms. Found 0 Redis repository interfaces.
2022-05-17 11:39:04.177  INFO 32636 --- [main] trationDelegate$BeanPostProcessorChecker : Bean 'redisConfig' of type [com.guilin.studycode.config.RedisConfig$$EnhancerBySpringCGLIB$$1f2f7ecf] is not eligible for getting processed by all BeanPostProcessors (for example: not eligible for auto-proxying)
2022-05-17 11:39:04.470  INFO 32636 --- [main] o.s.b.w.embedded.tomcat.TomcatWebServer  : Tomcat initialized with port(s): 8081 (http)
2022-05-17 11:39:04.481  INFO 32636 --- [main] o.apache.catalina.core.StandardService   : Starting service [Tomcat]
2022-05-17 11:39:04.482  INFO 32636 --- [main] org.apache.catalina.core.StandardEngine  : Starting Servlet engine: [Apache Tomcat/9.0.54]
2022-05-17 11:39:04.599  INFO 32636 --- [main] o.a.c.c.C.[Tomcat].[localhost].[/]       : Initializing Spring embedded WebApplicationContext
2022-05-17 11:39:04.599  INFO 32636 --- [main] w.s.c.ServletWebServerApplicationContext : Root WebApplicationContext: initialization completed in 1866 ms
2022-05-17 11:39:04.779  INFO 32636 --- [main] com.zaxxer.hikari.HikariDataSource       : HikariPool-1 - Starting...
2022-05-17 11:39:04.954  INFO 32636 --- [main] com.zaxxer.hikari.HikariDataSource       : HikariPool-1 - Start completed.
2022-05-17 11:39:05.408  INFO 32636 --- [main] org.quartz.impl.StdSchedulerFactory      : Using default implementation for ThreadExecutor
2022-05-17 11:39:05.419  INFO 32636 --- [main] org.quartz.core.SchedulerSignalerImpl    : Initialized Scheduler Signaller of type: class org.quartz.core.SchedulerSignalerImpl
2022-05-17 11:39:05.420  INFO 32636 --- [main] org.quartz.core.QuartzScheduler          : Quartz Scheduler v.2.3.2 created.
2022-05-17 11:39:05.421  INFO 32636 --- [main] org.quartz.simpl.RAMJobStore             : RAMJobStore initialized.
2022-05-17 11:39:05.422  INFO 32636 --- [main] org.quartz.core.QuartzScheduler          : Scheduler meta-data: Quartz Scheduler (v2.3.2) 'quartzScheduler' with instanceId 'NON_CLUSTERED'
  Scheduler class: 'org.quartz.core.QuartzScheduler' - running locally.
  NOT STARTED.
  Currently in standby mode.
  Number of jobs executed: 0
  Using thread pool 'org.quartz.simpl.SimpleThreadPool' - with 10 threads.
  Using job-store 'org.quartz.simpl.RAMJobStore' - which does not support persistence. and is not clustered.

2022-05-17 11:39:05.422  INFO 32636 --- [main] org.quartz.impl.StdSchedulerFactory      : Quartz scheduler 'quartzScheduler' initialized from an externally provided properties instance.
2022-05-17 11:39:05.422  INFO 32636 --- [main] org.quartz.impl.StdSchedulerFactory      : Quartz scheduler version: 2.3.2
2022-05-17 11:39:05.422  INFO 32636 --- [main] org.quartz.core.QuartzScheduler          : JobFactory set to: org.springframework.scheduling.quartz.SpringBeanJobFactory@423a0e1d
2022-05-17 11:39:06.824  INFO 32636 --- [main] o.s.b.w.embedded.tomcat.TomcatWebServer  : Tomcat started on port(s): 8081 (http) with context path ''
2022-05-17 11:39:07.074  WARN 32636 --- [main] d.s.r.o.OperationImplicitParameterReader : Unable to interpret the implicit parameter configuration with dataType: , dataTypeClass: class java.lang.Void
2022-05-17 11:39:07.076  WARN 32636 --- [main] d.s.r.o.OperationImplicitParameterReader : Unable to interpret the implicit parameter configuration with dataType: , dataTypeClass: class java.lang.Void
2022-05-17 11:39:07.076  WARN 32636 --- [main] d.s.r.o.OperationImplicitParameterReader : Unable to interpret the implicit parameter configuration with dataType: , dataTypeClass: class java.lang.Void
2022-05-17 11:39:07.077  WARN 32636 --- [main] d.s.r.o.OperationImplicitParameterReader : Unable to interpret the implicit parameter configuration with dataType: , dataTypeClass: class java.lang.Void
2022-05-17 11:39:07.112  WARN 32636 --- [main] d.s.r.o.OperationImplicitParameterReader : Unable to interpret the implicit parameter configuration with dataType: , dataTypeClass: class java.lang.Void
2022-05-17 11:39:07.113  WARN 32636 --- [main] d.s.r.o.OperationImplicitParameterReader : Unable to interpret the implicit parameter configuration with dataType: , dataTypeClass: class java.lang.Void
2022-05-17 11:39:07.113  WARN 32636 --- [main] d.s.r.o.OperationImplicitParameterReader : Unable to interpret the implicit parameter configuration with dataType: , dataTypeClass: class java.lang.Void
2022-05-17 11:39:07.113  WARN 32636 --- [main] d.s.r.o.OperationImplicitParameterReader : Unable to interpret the implicit parameter configuration with dataType: , dataTypeClass: class java.lang.Void
2022-05-17 11:39:07.131  INFO 32636 --- [main] o.s.s.quartz.SchedulerFactoryBean        : Starting Quartz Scheduler now
2022-05-17 11:39:07.132  INFO 32636 --- [main] org.quartz.core.QuartzScheduler          : Scheduler quartzScheduler_$_NON_CLUSTERED started.
2022-05-17 11:39:07.142  INFO 32636 --- [main] c.guilin.studycode.StudyCodeApplication  : Started StudyCodeApplication in 4.965 seconds (JVM running for 6.826)
2022-05-17 11:39:07.147  INFO 32636 --- [main] com.guilin.studycode.config.LogAsPect    : get in com.guilin.studycode.controller.runs.RunsController.run ,参数是 params :[org.springframework.boot.DefaultApplicationArguments@21abda60]
2022-05-17 11:39:07.151  INFO 32636 --- [main] o.s.boot.ApplicationRunner               : 启动时自动执行
2022-05-17 11:39:09.889  INFO 32636 --- [http-nio-8081-exec-1] o.a.c.c.C.[Tomcat].[localhost].[/]       : Initializing Spring DispatcherServlet 'dispatcherServlet'
2022-05-17 11:39:09.889  INFO 32636 --- [http-nio-8081-exec-1] o.s.web.servlet.DispatcherServlet        : Initializing Servlet 'dispatcherServlet'
2022-05-17 11:39:09.891  INFO 32636 --- [http-nio-8081-exec-1] o.s.web.servlet.DispatcherServlet        : Completed initialization in 2 ms
2022-05-17 11:39:33.561  INFO 32636 --- [http-nio-8081-exec-6] com.guilin.studycode.config.LogAsPect    : get in com.guilin.studycode.controller.file.FileController.downTemplate ,参数是 params :[org.apache.catalina.connector.RequestFacade@7c7f25d5, org.apache.catalina.connector.ResponseFacade@428c629e, {}]
2022-05-17 11:44:31.844  INFO 4312 --- [main] c.guilin.studycode.StudyCodeApplication  : Starting StudyCodeApplication using Java 1.8.0_171 on DESKTOP-P99LHU4 with PID 4312 (E:\studyCode\StudyCode\target\classes started by guilin in E:\studyCode\StudyCode)
2022-05-17 11:44:31.848  INFO 4312 --- [main] c.guilin.studycode.StudyCodeApplication  : The following profiles are active: test
2022-05-17 11:44:33.004  INFO 4312 --- [main] .s.d.r.c.RepositoryConfigurationDelegate : Multiple Spring Data modules found, entering strict repository configuration mode!
2022-05-17 11:44:33.007  INFO 4312 --- [main] .s.d.r.c.RepositoryConfigurationDelegate : Bootstrapping Spring Data Redis repositories in DEFAULT mode.
2022-05-17 11:44:33.044  INFO 4312 --- [main] .s.d.r.c.RepositoryConfigurationDelegate : Finished Spring Data repository scanning in 22 ms. Found 0 Redis repository interfaces.
2022-05-17 11:44:33.594  INFO 4312 --- [main] trationDelegate$BeanPostProcessorChecker : Bean 'redisConfig' of type [com.guilin.studycode.config.RedisConfig$$EnhancerBySpringCGLIB$$32704b0f] is not eligible for getting processed by all BeanPostProcessors (for example: not eligible for auto-proxying)
2022-05-17 11:44:33.961  INFO 4312 --- [main] o.s.b.w.embedded.tomcat.TomcatWebServer  : Tomcat initialized with port(s): 8081 (http)
2022-05-17 11:44:33.970  INFO 4312 --- [main] o.apache.catalina.core.StandardService   : Starting service [Tomcat]
2022-05-17 11:44:33.971  INFO 4312 --- [main] org.apache.catalina.core.StandardEngine  : Starting Servlet engine: [Apache Tomcat/9.0.54]
2022-05-17 11:44:34.088  INFO 4312 --- [main] o.a.c.c.C.[Tomcat].[localhost].[/]       : Initializing Spring embedded WebApplicationContext
2022-05-17 11:44:34.089  INFO 4312 --- [main] w.s.c.ServletWebServerApplicationContext : Root WebApplicationContext: initialization completed in 2172 ms
2022-05-17 11:44:34.403  INFO 4312 --- [main] com.zaxxer.hikari.HikariDataSource       : HikariPool-1 - Starting...
2022-05-17 11:44:34.533  INFO 4312 --- [main] com.zaxxer.hikari.HikariDataSource       : HikariPool-1 - Start completed.
2022-05-17 11:44:35.034  INFO 4312 --- [main] org.quartz.impl.StdSchedulerFactory      : Using default implementation for ThreadExecutor
2022-05-17 11:44:35.050  INFO 4312 --- [main] org.quartz.core.SchedulerSignalerImpl    : Initialized Scheduler Signaller of type: class org.quartz.core.SchedulerSignalerImpl
2022-05-17 11:44:35.050  INFO 4312 --- [main] org.quartz.core.QuartzScheduler          : Quartz Scheduler v.2.3.2 created.
2022-05-17 11:44:35.051  INFO 4312 --- [main] org.quartz.simpl.RAMJobStore             : RAMJobStore initialized.
2022-05-17 11:44:35.052  INFO 4312 --- [main] org.quartz.core.QuartzScheduler          : Scheduler meta-data: Quartz Scheduler (v2.3.2) 'quartzScheduler' with instanceId 'NON_CLUSTERED'
  Scheduler class: 'org.quartz.core.QuartzScheduler' - running locally.
  NOT STARTED.
  Currently in standby mode.
  Number of jobs executed: 0
  Using thread pool 'org.quartz.simpl.SimpleThreadPool' - with 10 threads.
  Using job-store 'org.quartz.simpl.RAMJobStore' - which does not support persistence. and is not clustered.

2022-05-17 11:44:35.053  INFO 4312 --- [main] org.quartz.impl.StdSchedulerFactory      : Quartz scheduler 'quartzScheduler' initialized from an externally provided properties instance.
2022-05-17 11:44:35.053  INFO 4312 --- [main] org.quartz.impl.StdSchedulerFactory      : Quartz scheduler version: 2.3.2
2022-05-17 11:44:35.053  INFO 4312 --- [main] org.quartz.core.QuartzScheduler          : JobFactory set to: org.springframework.scheduling.quartz.SpringBeanJobFactory@5635bcd2
2022-05-17 11:44:36.481  INFO 4312 --- [main] o.s.b.w.embedded.tomcat.TomcatWebServer  : Tomcat started on port(s): 8081 (http) with context path ''
2022-05-17 11:44:36.775  WARN 4312 --- [main] d.s.r.o.OperationImplicitParameterReader : Unable to interpret the implicit parameter configuration with dataType: , dataTypeClass: class java.lang.Void
2022-05-17 11:44:36.778  WARN 4312 --- [main] d.s.r.o.OperationImplicitParameterReader : Unable to interpret the implicit parameter configuration with dataType: , dataTypeClass: class java.lang.Void
2022-05-17 11:44:36.779  WARN 4312 --- [main] d.s.r.o.OperationImplicitParameterReader : Unable to interpret the implicit parameter configuration with dataType: , dataTypeClass: class java.lang.Void
2022-05-17 11:44:36.779  WARN 4312 --- [main] d.s.r.o.OperationImplicitParameterReader : Unable to interpret the implicit parameter configuration with dataType: , dataTypeClass: class java.lang.Void
2022-05-17 11:44:36.818  WARN 4312 --- [main] d.s.r.o.OperationImplicitParameterReader : Unable to interpret the implicit parameter configuration with dataType: , dataTypeClass: class java.lang.Void
2022-05-17 11:44:36.819  WARN 4312 --- [main] d.s.r.o.OperationImplicitParameterReader : Unable to interpret the implicit parameter configuration with dataType: , dataTypeClass: class java.lang.Void
2022-05-17 11:44:36.819  WARN 4312 --- [main] d.s.r.o.OperationImplicitParameterReader : Unable to interpret the implicit parameter configuration with dataType: , dataTypeClass: class java.lang.Void
2022-05-17 11:44:36.819  WARN 4312 --- [main] d.s.r.o.OperationImplicitParameterReader : Unable to interpret the implicit parameter configuration with dataType: , dataTypeClass: class java.lang.Void
2022-05-17 11:44:36.838  INFO 4312 --- [main] o.s.s.quartz.SchedulerFactoryBean        : Starting Quartz Scheduler now
2022-05-17 11:44:36.839  INFO 4312 --- [main] org.quartz.core.QuartzScheduler          : Scheduler quartzScheduler_$_NON_CLUSTERED started.
2022-05-17 11:44:36.850  INFO 4312 --- [main] c.guilin.studycode.StudyCodeApplication  : Started StudyCodeApplication in 5.648 seconds (JVM running for 7.683)
2022-05-17 11:44:36.857  INFO 4312 --- [main] com.guilin.studycode.config.LogAsPect    : get in com.guilin.studycode.controller.runs.RunsController.run ,参数是 params :[org.springframework.boot.DefaultApplicationArguments@3879feec]
2022-05-17 11:44:36.860  INFO 4312 --- [main] o.s.boot.ApplicationRunner               : 启动时自动执行
2022-05-17 11:45:19.353  INFO 4312 --- [SpringApplicationShutdownHook] org.quartz.core.QuartzScheduler          : Scheduler quartzScheduler_$_NON_CLUSTERED paused.
2022-05-17 11:45:20.308  INFO 4312 --- [SpringApplicationShutdownHook] o.s.s.quartz.SchedulerFactoryBean        : Shutting down Quartz Scheduler
2022-05-17 11:45:20.309  INFO 4312 --- [SpringApplicationShutdownHook] org.quartz.core.QuartzScheduler          : Scheduler quartzScheduler_$_NON_CLUSTERED shutting down.
2022-05-17 11:45:20.309  INFO 4312 --- [SpringApplicationShutdownHook] org.quartz.core.QuartzScheduler          : Scheduler quartzScheduler_$_NON_CLUSTERED paused.
2022-05-17 11:45:20.310  INFO 4312 --- [SpringApplicationShutdownHook] org.quartz.core.QuartzScheduler          : Scheduler quartzScheduler_$_NON_CLUSTERED shutdown complete.
2022-05-17 11:45:20.310  INFO 4312 --- [SpringApplicationShutdownHook] com.zaxxer.hikari.HikariDataSource       : HikariPool-1 - Shutdown initiated...
2022-05-17 11:45:20.316  INFO 4312 --- [SpringApplicationShutdownHook] com.zaxxer.hikari.HikariDataSource       : HikariPool-1 - Shutdown completed.
2022-05-17 11:45:25.516  INFO 31916 --- [main] c.guilin.studycode.StudyCodeApplication  : Starting StudyCodeApplication using Java 1.8.0_171 on DESKTOP-P99LHU4 with PID 31916 (E:\studyCode\StudyCode\target\classes started by guilin in E:\studyCode\StudyCode)
2022-05-17 11:45:25.520  INFO 31916 --- [main] c.guilin.studycode.StudyCodeApplication  : The following profiles are active: test
2022-05-17 11:45:26.749  INFO 31916 --- [main] .s.d.r.c.RepositoryConfigurationDelegate : Multiple Spring Data modules found, entering strict repository configuration mode!
2022-05-17 11:45:26.752  INFO 31916 --- [main] .s.d.r.c.RepositoryConfigurationDelegate : Bootstrapping Spring Data Redis repositories in DEFAULT mode.
2022-05-17 11:45:26.790  INFO 31916 --- [main] .s.d.r.c.RepositoryConfigurationDelegate : Finished Spring Data repository scanning in 21 ms. Found 0 Redis repository interfaces.
2022-05-17 11:45:27.317  INFO 31916 --- [main] trationDelegate$BeanPostProcessorChecker : Bean 'redisConfig' of type [com.guilin.studycode.config.RedisConfig$$EnhancerBySpringCGLIB$$32704b0f] is not eligible for getting processed by all BeanPostProcessors (for example: not eligible for auto-proxying)
2022-05-17 11:45:27.738  INFO 31916 --- [main] o.s.b.w.embedded.tomcat.TomcatWebServer  : Tomcat initialized with port(s): 8081 (http)
2022-05-17 11:45:27.749  INFO 31916 --- [main] o.apache.catalina.core.StandardService   : Starting service [Tomcat]
2022-05-17 11:45:27.749  INFO 31916 --- [main] org.apache.catalina.core.StandardEngine  : Starting Servlet engine: [Apache Tomcat/9.0.54]
2022-05-17 11:45:27.893  INFO 31916 --- [main] o.a.c.c.C.[Tomcat].[localhost].[/]       : Initializing Spring embedded WebApplicationContext
2022-05-17 11:45:27.893  INFO 31916 --- [main] w.s.c.ServletWebServerApplicationContext : Root WebApplicationContext: initialization completed in 2296 ms
2022-05-17 11:45:28.258  INFO 31916 --- [main] com.zaxxer.hikari.HikariDataSource       : HikariPool-1 - Starting...
2022-05-17 11:45:28.409  INFO 31916 --- [main] com.zaxxer.hikari.HikariDataSource       : HikariPool-1 - Start completed.
2022-05-17 11:45:28.991  INFO 31916 --- [main] org.quartz.impl.StdSchedulerFactory      : Using default implementation for ThreadExecutor
2022-05-17 11:45:29.005  INFO 31916 --- [main] org.quartz.core.SchedulerSignalerImpl    : Initialized Scheduler Signaller of type: class org.quartz.core.SchedulerSignalerImpl
2022-05-17 11:45:29.005  INFO 31916 --- [main] org.quartz.core.QuartzScheduler          : Quartz Scheduler v.2.3.2 created.
2022-05-17 11:45:29.006  INFO 31916 --- [main] org.quartz.simpl.RAMJobStore             : RAMJobStore initialized.
2022-05-17 11:45:29.008  INFO 31916 --- [main] org.quartz.core.QuartzScheduler          : Scheduler meta-data: Quartz Scheduler (v2.3.2) 'quartzScheduler' with instanceId 'NON_CLUSTERED'
  Scheduler class: 'org.quartz.core.QuartzScheduler' - running locally.
  NOT STARTED.
  Currently in standby mode.
  Number of jobs executed: 0
  Using thread pool 'org.quartz.simpl.SimpleThreadPool' - with 10 threads.
  Using job-store 'org.quartz.simpl.RAMJobStore' - which does not support persistence. and is not clustered.

2022-05-17 11:45:29.008  INFO 31916 --- [main] org.quartz.impl.StdSchedulerFactory      : Quartz scheduler 'quartzScheduler' initialized from an externally provided properties instance.
2022-05-17 11:45:29.008  INFO 31916 --- [main] org.quartz.impl.StdSchedulerFactory      : Quartz scheduler version: 2.3.2
2022-05-17 11:45:29.009  INFO 31916 --- [main] org.quartz.core.QuartzScheduler          : JobFactory set to: org.springframework.scheduling.quartz.SpringBeanJobFactory@5635bcd2
2022-05-17 11:45:30.639  INFO 31916 --- [main] o.s.b.w.embedded.tomcat.TomcatWebServer  : Tomcat started on port(s): 8081 (http) with context path ''
2022-05-17 11:45:30.980  WARN 31916 --- [main] d.s.r.o.OperationImplicitParameterReader : Unable to interpret the implicit parameter configuration with dataType: , dataTypeClass: class java.lang.Void
2022-05-17 11:45:30.983  WARN 31916 --- [main] d.s.r.o.OperationImplicitParameterReader : Unable to interpret the implicit parameter configuration with dataType: , dataTypeClass: class java.lang.Void
2022-05-17 11:45:30.983  WARN 31916 --- [main] d.s.r.o.OperationImplicitParameterReader : Unable to interpret the implicit parameter configuration with dataType: , dataTypeClass: class java.lang.Void
2022-05-17 11:45:30.983  WARN 31916 --- [main] d.s.r.o.OperationImplicitParameterReader : Unable to interpret the implicit parameter configuration with dataType: , dataTypeClass: class java.lang.Void
2022-05-17 11:45:31.022  WARN 31916 --- [main] d.s.r.o.OperationImplicitParameterReader : Unable to interpret the implicit parameter configuration with dataType: , dataTypeClass: class java.lang.Void
2022-05-17 11:45:31.023  WARN 31916 --- [main] d.s.r.o.OperationImplicitParameterReader : Unable to interpret the implicit parameter configuration with dataType: , dataTypeClass: class java.lang.Void
2022-05-17 11:45:31.023  WARN 31916 --- [main] d.s.r.o.OperationImplicitParameterReader : Unable to interpret the implicit parameter configuration with dataType: , dataTypeClass: class java.lang.Void
2022-05-17 11:45:31.023  WARN 31916 --- [main] d.s.r.o.OperationImplicitParameterReader : Unable to interpret the implicit parameter configuration with dataType: , dataTypeClass: class java.lang.Void
2022-05-17 11:45:31.042  INFO 31916 --- [main] o.s.s.quartz.SchedulerFactoryBean        : Starting Quartz Scheduler now
2022-05-17 11:45:31.043  INFO 31916 --- [main] org.quartz.core.QuartzScheduler          : Scheduler quartzScheduler_$_NON_CLUSTERED started.
2022-05-17 11:45:31.055  INFO 31916 --- [main] c.guilin.studycode.StudyCodeApplication  : Started StudyCodeApplication in 6.214 seconds (JVM running for 8.655)
2022-05-17 11:45:31.062  INFO 31916 --- [main] com.guilin.studycode.config.LogAsPect    : get in com.guilin.studycode.controller.runs.RunsController.run ,参数是 params :[org.springframework.boot.DefaultApplicationArguments@259c6ab8]
2022-05-17 11:45:31.066  INFO 31916 --- [main] o.s.boot.ApplicationRunner               : 启动时自动执行
2022-05-17 11:47:39.186  INFO 31916 --- [http-nio-8081-exec-1] o.a.c.c.C.[Tomcat].[localhost].[/]       : Initializing Spring DispatcherServlet 'dispatcherServlet'
2022-05-17 11:47:39.186  INFO 31916 --- [http-nio-8081-exec-1] o.s.web.servlet.DispatcherServlet        : Initializing Servlet 'dispatcherServlet'
2022-05-17 11:47:39.189  INFO 31916 --- [http-nio-8081-exec-1] o.s.web.servlet.DispatcherServlet        : Completed initialization in 2 ms
2022-05-17 11:47:46.851  INFO 31916 --- [http-nio-8081-exec-6] com.guilin.studycode.config.LogAsPect    : get in com.guilin.studycode.controller.file.FileController.downTemplate ,参数是 params :[org.apache.catalina.connector.RequestFacade@7093f3d2, org.apache.catalina.connector.ResponseFacade@748df85e, {}]
2022-05-17 11:49:25.590  WARN 31916 --- [HikariPool-1 housekeeper] com.zaxxer.hikari.pool.HikariPool        : HikariPool-1 - Thread starvation or clock leap detected (housekeeper delta=1m24s789ms287µs500ns).
2022-05-17 11:51:37.501  INFO 31916 --- [SpringApplicationShutdownHook] org.quartz.core.QuartzScheduler          : Scheduler quartzScheduler_$_NON_CLUSTERED paused.
2022-05-17 11:51:38.645  INFO 31916 --- [SpringApplicationShutdownHook] o.s.s.quartz.SchedulerFactoryBean        : Shutting down Quartz Scheduler
2022-05-17 11:51:38.645  INFO 31916 --- [SpringApplicationShutdownHook] org.quartz.core.QuartzScheduler          : Scheduler quartzScheduler_$_NON_CLUSTERED shutting down.
2022-05-17 11:51:38.646  INFO 31916 --- [SpringApplicationShutdownHook] org.quartz.core.QuartzScheduler          : Scheduler quartzScheduler_$_NON_CLUSTERED paused.
2022-05-17 11:51:38.646  INFO 31916 --- [SpringApplicationShutdownHook] org.quartz.core.QuartzScheduler          : Scheduler quartzScheduler_$_NON_CLUSTERED shutdown complete.
2022-05-17 11:51:38.647  INFO 31916 --- [SpringApplicationShutdownHook] com.zaxxer.hikari.HikariDataSource       : HikariPool-1 - Shutdown initiated...
2022-05-17 11:51:38.654  INFO 31916 --- [SpringApplicationShutdownHook] com.zaxxer.hikari.HikariDataSource       : HikariPool-1 - Shutdown completed.
2022-05-17 11:51:46.383  INFO 33000 --- [main] c.guilin.studycode.StudyCodeApplication  : Starting StudyCodeApplication using Java 1.8.0_171 on DESKTOP-P99LHU4 with PID 33000 (E:\studyCode\StudyCode\target\classes started by guilin in E:\studyCode\StudyCode)
2022-05-17 11:51:46.387  INFO 33000 --- [main] c.guilin.studycode.StudyCodeApplication  : The following profiles are active: test
2022-05-17 11:51:47.619  INFO 33000 --- [main] .s.d.r.c.RepositoryConfigurationDelegate : Multiple Spring Data modules found, entering strict repository configuration mode!
2022-05-17 11:51:47.621  INFO 33000 --- [main] .s.d.r.c.RepositoryConfigurationDelegate : Bootstrapping Spring Data Redis repositories in DEFAULT mode.
2022-05-17 11:51:47.659  INFO 33000 --- [main] .s.d.r.c.RepositoryConfigurationDelegate : Finished Spring Data repository scanning in 21 ms. Found 0 Redis repository interfaces.
2022-05-17 11:51:48.219  INFO 33000 --- [main] trationDelegate$BeanPostProcessorChecker : Bean 'redisConfig' of type [com.guilin.studycode.config.RedisConfig$$EnhancerBySpringCGLIB$$32704b0f] is not eligible for getting processed by all BeanPostProcessors (for example: not eligible for auto-proxying)
2022-05-17 11:51:48.600  INFO 33000 --- [main] o.s.b.w.embedded.tomcat.TomcatWebServer  : Tomcat initialized with port(s): 8081 (http)
2022-05-17 11:51:48.614  INFO 33000 --- [main] o.apache.catalina.core.StandardService   : Starting service [Tomcat]
2022-05-17 11:51:48.614  INFO 33000 --- [main] org.apache.catalina.core.StandardEngine  : Starting Servlet engine: [Apache Tomcat/9.0.54]
2022-05-17 11:51:48.745  INFO 33000 --- [main] o.a.c.c.C.[Tomcat].[localhost].[/]       : Initializing Spring embedded WebApplicationContext
2022-05-17 11:51:48.745  INFO 33000 --- [main] w.s.c.ServletWebServerApplicationContext : Root WebApplicationContext: initialization completed in 2280 ms
2022-05-17 11:51:49.064  INFO 33000 --- [main] com.zaxxer.hikari.HikariDataSource       : HikariPool-1 - Starting...
2022-05-17 11:51:49.191  INFO 33000 --- [main] com.zaxxer.hikari.HikariDataSource       : HikariPool-1 - Start completed.
2022-05-17 11:51:49.694  INFO 33000 --- [main] org.quartz.impl.StdSchedulerFactory      : Using default implementation for ThreadExecutor
2022-05-17 11:51:49.706  INFO 33000 --- [main] org.quartz.core.SchedulerSignalerImpl    : Initialized Scheduler Signaller of type: class org.quartz.core.SchedulerSignalerImpl
2022-05-17 11:51:49.707  INFO 33000 --- [main] org.quartz.core.QuartzScheduler          : Quartz Scheduler v.2.3.2 created.
2022-05-17 11:51:49.708  INFO 33000 --- [main] org.quartz.simpl.RAMJobStore             : RAMJobStore initialized.
2022-05-17 11:51:49.710  INFO 33000 --- [main] org.quartz.core.QuartzScheduler          : Scheduler meta-data: Quartz Scheduler (v2.3.2) 'quartzScheduler' with instanceId 'NON_CLUSTERED'
  Scheduler class: 'org.quartz.core.QuartzScheduler' - running locally.
  NOT STARTED.
  Currently in standby mode.
  Number of jobs executed: 0
  Using thread pool 'org.quartz.simpl.SimpleThreadPool' - with 10 threads.
  Using job-store 'org.quartz.simpl.RAMJobStore' - which does not support persistence. and is not clustered.

2022-05-17 11:51:49.710  INFO 33000 --- [main] org.quartz.impl.StdSchedulerFactory      : Quartz scheduler 'quartzScheduler' initialized from an externally provided properties instance.
2022-05-17 11:51:49.710  INFO 33000 --- [main] org.quartz.impl.StdSchedulerFactory      : Quartz scheduler version: 2.3.2
2022-05-17 11:51:49.711  INFO 33000 --- [main] org.quartz.core.QuartzScheduler          : JobFactory set to: org.springframework.scheduling.quartz.SpringBeanJobFactory@1214d23c
2022-05-17 11:51:51.055  INFO 33000 --- [main] o.s.b.w.embedded.tomcat.TomcatWebServer  : Tomcat started on port(s): 8081 (http) with context path ''
2022-05-17 11:51:51.340  WARN 33000 --- [main] d.s.r.o.OperationImplicitParameterReader : Unable to interpret the implicit parameter configuration with dataType: , dataTypeClass: class java.lang.Void
2022-05-17 11:51:51.343  WARN 33000 --- [main] d.s.r.o.OperationImplicitParameterReader : Unable to interpret the implicit parameter configuration with dataType: , dataTypeClass: class java.lang.Void
2022-05-17 11:51:51.343  WARN 33000 --- [main] d.s.r.o.OperationImplicitParameterReader : Unable to interpret the implicit parameter configuration with dataType: , dataTypeClass: class java.lang.Void
2022-05-17 11:51:51.343  WARN 33000 --- [main] d.s.r.o.OperationImplicitParameterReader : Unable to interpret the implicit parameter configuration with dataType: , dataTypeClass: class java.lang.Void
2022-05-17 11:51:51.382  WARN 33000 --- [main] d.s.r.o.OperationImplicitParameterReader : Unable to interpret the implicit parameter configuration with dataType: , dataTypeClass: class java.lang.Void
2022-05-17 11:51:51.383  WARN 33000 --- [main] d.s.r.o.OperationImplicitParameterReader : Unable to interpret the implicit parameter configuration with dataType: , dataTypeClass: class java.lang.Void
2022-05-17 11:51:51.383  WARN 33000 --- [main] d.s.r.o.OperationImplicitParameterReader : Unable to interpret the implicit parameter configuration with dataType: , dataTypeClass: class java.lang.Void
2022-05-17 11:51:51.383  WARN 33000 --- [main] d.s.r.o.OperationImplicitParameterReader : Unable to interpret the implicit parameter configuration with dataType: , dataTypeClass: class java.lang.Void
2022-05-17 11:51:51.403  INFO 33000 --- [main] o.s.s.quartz.SchedulerFactoryBean        : Starting Quartz Scheduler now
2022-05-17 11:51:51.403  INFO 33000 --- [main] org.quartz.core.QuartzScheduler          : Scheduler quartzScheduler_$_NON_CLUSTERED started.
2022-05-17 11:51:51.418  INFO 33000 --- [main] c.guilin.studycode.StudyCodeApplication  : Started StudyCodeApplication in 5.68 seconds (JVM running for 7.627)
2022-05-17 11:51:51.424  INFO 33000 --- [main] com.guilin.studycode.config.LogAsPect    : get in com.guilin.studycode.controller.runs.RunsController.run ,参数是 params :[org.springframework.boot.DefaultApplicationArguments@5e198c40]
2022-05-17 11:51:51.428  INFO 33000 --- [main] o.s.boot.ApplicationRunner               : 启动时自动执行
2022-05-17 11:52:30.475  INFO 33000 --- [http-nio-8081-exec-1] o.a.c.c.C.[Tomcat].[localhost].[/]       : Initializing Spring DispatcherServlet 'dispatcherServlet'
2022-05-17 11:52:30.476  INFO 33000 --- [http-nio-8081-exec-1] o.s.web.servlet.DispatcherServlet        : Initializing Servlet 'dispatcherServlet'
2022-05-17 11:52:30.478  INFO 33000 --- [http-nio-8081-exec-1] o.s.web.servlet.DispatcherServlet        : Completed initialization in 2 ms
2022-05-17 11:52:46.108  INFO 33000 --- [http-nio-8081-exec-6] com.guilin.studycode.config.LogAsPect    : get in com.guilin.studycode.controller.file.FileController.downTemplate ,参数是 params :[org.apache.catalina.connector.RequestFacade@6b41a275, org.apache.catalina.connector.ResponseFacade@145e9d69, {}]
2022-05-17 11:58:14.257  WARN 33000 --- [HikariPool-1 housekeeper] com.zaxxer.hikari.pool.HikariPool        : HikariPool-1 - Thread starvation or clock leap detected (housekeeper delta=5m22s746ms436µs600ns).
2022-05-17 11:58:14.266 ERROR 33000 --- [http-nio-8081-exec-6] o.a.c.c.C.[.[.[/].[dispatcherServlet]    : Servlet.service() for servlet [dispatcherServlet] in context with path [] threw exception [Request processing failed; nested exception is java.lang.NullPointerException] with root cause

java.lang.NullPointerException: null
	at com.guilin.studycode.utils.ViewExcel.buildExcelDocument(ViewExcel.java:62) ~[classes/:na]
	at org.springframework.web.servlet.view.document.AbstractXlsView.renderMergedOutputModel(AbstractXlsView.java:68) ~[spring-webmvc-5.3.12.jar:5.3.12]
	at org.springframework.web.servlet.view.AbstractView.render(AbstractView.java:316) ~[spring-webmvc-5.3.12.jar:5.3.12]
	at org.springframework.web.servlet.DispatcherServlet.render(DispatcherServlet.java:1400) ~[spring-webmvc-5.3.12.jar:5.3.12]
	at org.springframework.web.servlet.DispatcherServlet.processDispatchResult(DispatcherServlet.java:1145) ~[spring-webmvc-5.3.12.jar:5.3.12]
	at org.springframework.web.servlet.DispatcherServlet.doDispatch(DispatcherServlet.java:1084) ~[spring-webmvc-5.3.12.jar:5.3.12]
	at org.springframework.web.servlet.DispatcherServlet.doService(DispatcherServlet.java:963) ~[spring-webmvc-5.3.12.jar:5.3.12]
	at org.springframework.web.servlet.FrameworkServlet.processRequest(FrameworkServlet.java:1006) ~[spring-webmvc-5.3.12.jar:5.3.12]
	at org.springframework.web.servlet.FrameworkServlet.doPost(FrameworkServlet.java:909) ~[spring-webmvc-5.3.12.jar:5.3.12]
	at javax.servlet.http.HttpServlet.service(HttpServlet.java:681) ~[tomcat-embed-core-9.0.54.jar:4.0.FR]
	at org.springframework.web.servlet.FrameworkServlet.service(FrameworkServlet.java:883) ~[spring-webmvc-5.3.12.jar:5.3.12]
	at javax.servlet.http.HttpServlet.service(HttpServlet.java:764) ~[tomcat-embed-core-9.0.54.jar:4.0.FR]
	at org.apache.catalina.core.ApplicationFilterChain.internalDoFilter(ApplicationFilterChain.java:227) ~[tomcat-embed-core-9.0.54.jar:9.0.54]
	at org.apache.catalina.core.ApplicationFilterChain.doFilter(ApplicationFilterChain.java:162) ~[tomcat-embed-core-9.0.54.jar:9.0.54]
	at org.apache.tomcat.websocket.server.WsFilter.doFilter(WsFilter.java:53) ~[tomcat-embed-websocket-9.0.54.jar:9.0.54]
	at org.apache.catalina.core.ApplicationFilterChain.internalDoFilter(ApplicationFilterChain.java:189) ~[tomcat-embed-core-9.0.54.jar:9.0.54]
	at org.apache.catalina.core.ApplicationFilterChain.doFilter(ApplicationFilterChain.java:162) ~[tomcat-embed-core-9.0.54.jar:9.0.54]
	at org.springframework.web.filter.RequestContextFilter.doFilterInternal(RequestContextFilter.java:100) ~[spring-web-5.3.12.jar:5.3.12]
	at org.springframework.web.filter.OncePerRequestFilter.doFilter(OncePerRequestFilter.java:119) ~[spring-web-5.3.12.jar:5.3.12]
	at org.apache.catalina.core.ApplicationFilterChain.internalDoFilter(ApplicationFilterChain.java:189) ~[tomcat-embed-core-9.0.54.jar:9.0.54]
	at org.apache.catalina.core.ApplicationFilterChain.doFilter(ApplicationFilterChain.java:162) ~[tomcat-embed-core-9.0.54.jar:9.0.54]
	at org.springframework.web.filter.FormContentFilter.doFilterInternal(FormContentFilter.java:93) ~[spring-web-5.3.12.jar:5.3.12]
	at org.springframework.web.filter.OncePerRequestFilter.doFilter(OncePerRequestFilter.java:119) ~[spring-web-5.3.12.jar:5.3.12]
	at org.apache.catalina.core.ApplicationFilterChain.internalDoFilter(ApplicationFilterChain.java:189) ~[tomcat-embed-core-9.0.54.jar:9.0.54]
	at org.apache.catalina.core.ApplicationFilterChain.doFilter(ApplicationFilterChain.java:162) ~[tomcat-embed-core-9.0.54.jar:9.0.54]
	at org.springframework.web.filter.CharacterEncodingFilter.doFilterInternal(CharacterEncodingFilter.java:201) ~[spring-web-5.3.12.jar:5.3.12]
	at org.springframework.web.filter.OncePerRequestFilter.doFilter(OncePerRequestFilter.java:119) ~[spring-web-5.3.12.jar:5.3.12]
	at org.apache.catalina.core.ApplicationFilterChain.internalDoFilter(ApplicationFilterChain.java:189) ~[tomcat-embed-core-9.0.54.jar:9.0.54]
	at org.apache.catalina.core.ApplicationFilterChain.doFilter(ApplicationFilterChain.java:162) ~[tomcat-embed-core-9.0.54.jar:9.0.54]
	at org.apache.catalina.core.StandardWrapperValve.invoke(StandardWrapperValve.java:197) ~[tomcat-embed-core-9.0.54.jar:9.0.54]
	at org.apache.catalina.core.StandardContextValve.invoke(StandardContextValve.java:97) [tomcat-embed-core-9.0.54.jar:9.0.54]
	at org.apache.catalina.authenticator.AuthenticatorBase.invoke(AuthenticatorBase.java:540) [tomcat-embed-core-9.0.54.jar:9.0.54]
	at org.apache.catalina.core.StandardHostValve.invoke(StandardHostValve.java:135) [tomcat-embed-core-9.0.54.jar:9.0.54]
	at org.apache.catalina.valves.ErrorReportValve.invoke(ErrorReportValve.java:92) [tomcat-embed-core-9.0.54.jar:9.0.54]
	at org.apache.catalina.core.StandardEngineValve.invoke(StandardEngineValve.java:78) [tomcat-embed-core-9.0.54.jar:9.0.54]
	at org.apache.catalina.connector.CoyoteAdapter.service(CoyoteAdapter.java:357) [tomcat-embed-core-9.0.54.jar:9.0.54]
	at org.apache.coyote.http11.Http11Processor.service(Http11Processor.java:382) [tomcat-embed-core-9.0.54.jar:9.0.54]
	at org.apache.coyote.AbstractProcessorLight.process(AbstractProcessorLight.java:65) [tomcat-embed-core-9.0.54.jar:9.0.54]
	at org.apache.coyote.AbstractProtocol$ConnectionHandler.process(AbstractProtocol.java:895) [tomcat-embed-core-9.0.54.jar:9.0.54]
	at org.apache.tomcat.util.net.NioEndpoint$SocketProcessor.doRun(NioEndpoint.java:1722) [tomcat-embed-core-9.0.54.jar:9.0.54]
	at org.apache.tomcat.util.net.SocketProcessorBase.run(SocketProcessorBase.java:49) [tomcat-embed-core-9.0.54.jar:9.0.54]
	at org.apache.tomcat.util.threads.ThreadPoolExecutor.runWorker(ThreadPoolExecutor.java:1191) [tomcat-embed-core-9.0.54.jar:9.0.54]
	at org.apache.tomcat.util.threads.ThreadPoolExecutor$Worker.run(ThreadPoolExecutor.java:659) [tomcat-embed-core-9.0.54.jar:9.0.54]
	at org.apache.tomcat.util.threads.TaskThread$WrappingRunnable.run(TaskThread.java:61) [tomcat-embed-core-9.0.54.jar:9.0.54]
	at java.lang.Thread.run(Thread.java:748) [na:1.8.0_171]

2022-05-17 11:58:26.304  INFO 33000 --- [http-nio-8081-exec-8] com.guilin.studycode.config.LogAsPect    : get in com.guilin.studycode.controller.file.FileController.downTemplate ,参数是 params :[org.apache.catalina.connector.RequestFacade@6b41a275, org.apache.catalina.connector.ResponseFacade@145e9d69, {}]
2022-05-17 14:12:04.800  WARN 33000 --- [HikariPool-1 housekeeper] com.zaxxer.hikari.pool.HikariPool        : HikariPool-1 - Thread starvation or clock leap detected (housekeeper delta=2h13m20s491ms813µs).
2022-05-17 14:12:04.819 ERROR 33000 --- [http-nio-8081-exec-8] o.a.c.c.C.[.[.[/].[dispatcherServlet]    : Servlet.service() for servlet [dispatcherServlet] in context with path [] threw exception [Request processing failed; nested exception is java.lang.NullPointerException] with root cause

java.lang.NullPointerException: null
	at com.guilin.studycode.utils.ViewExcel.buildExcelDocument(ViewExcel.java:62) ~[classes/:na]
	at org.springframework.web.servlet.view.document.AbstractXlsView.renderMergedOutputModel(AbstractXlsView.java:68) ~[spring-webmvc-5.3.12.jar:5.3.12]
	at org.springframework.web.servlet.view.AbstractView.render(AbstractView.java:316) ~[spring-webmvc-5.3.12.jar:5.3.12]
	at org.springframework.web.servlet.DispatcherServlet.render(DispatcherServlet.java:1400) ~[spring-webmvc-5.3.12.jar:5.3.12]
	at org.springframework.web.servlet.DispatcherServlet.processDispatchResult(DispatcherServlet.java:1145) ~[spring-webmvc-5.3.12.jar:5.3.12]
	at org.springframework.web.servlet.DispatcherServlet.doDispatch(DispatcherServlet.java:1084) ~[spring-webmvc-5.3.12.jar:5.3.12]
	at org.springframework.web.servlet.DispatcherServlet.doService(DispatcherServlet.java:963) ~[spring-webmvc-5.3.12.jar:5.3.12]
	at org.springframework.web.servlet.FrameworkServlet.processRequest(FrameworkServlet.java:1006) ~[spring-webmvc-5.3.12.jar:5.3.12]
	at org.springframework.web.servlet.FrameworkServlet.doPost(FrameworkServlet.java:909) ~[spring-webmvc-5.3.12.jar:5.3.12]
	at javax.servlet.http.HttpServlet.service(HttpServlet.java:681) ~[tomcat-embed-core-9.0.54.jar:4.0.FR]
	at org.springframework.web.servlet.FrameworkServlet.service(FrameworkServlet.java:883) ~[spring-webmvc-5.3.12.jar:5.3.12]
	at javax.servlet.http.HttpServlet.service(HttpServlet.java:764) ~[tomcat-embed-core-9.0.54.jar:4.0.FR]
	at org.apache.catalina.core.ApplicationFilterChain.internalDoFilter(ApplicationFilterChain.java:227) ~[tomcat-embed-core-9.0.54.jar:9.0.54]
	at org.apache.catalina.core.ApplicationFilterChain.doFilter(ApplicationFilterChain.java:162) ~[tomcat-embed-core-9.0.54.jar:9.0.54]
	at org.apache.tomcat.websocket.server.WsFilter.doFilter(WsFilter.java:53) ~[tomcat-embed-websocket-9.0.54.jar:9.0.54]
	at org.apache.catalina.core.ApplicationFilterChain.internalDoFilter(ApplicationFilterChain.java:189) ~[tomcat-embed-core-9.0.54.jar:9.0.54]
	at org.apache.catalina.core.ApplicationFilterChain.doFilter(ApplicationFilterChain.java:162) ~[tomcat-embed-core-9.0.54.jar:9.0.54]
	at org.springframework.web.filter.RequestContextFilter.doFilterInternal(RequestContextFilter.java:100) ~[spring-web-5.3.12.jar:5.3.12]
	at org.springframework.web.filter.OncePerRequestFilter.doFilter(OncePerRequestFilter.java:119) ~[spring-web-5.3.12.jar:5.3.12]
	at org.apache.catalina.core.ApplicationFilterChain.internalDoFilter(ApplicationFilterChain.java:189) ~[tomcat-embed-core-9.0.54.jar:9.0.54]
	at org.apache.catalina.core.ApplicationFilterChain.doFilter(ApplicationFilterChain.java:162) ~[tomcat-embed-core-9.0.54.jar:9.0.54]
	at org.springframework.web.filter.FormContentFilter.doFilterInternal(FormContentFilter.java:93) ~[spring-web-5.3.12.jar:5.3.12]
	at org.springframework.web.filter.OncePerRequestFilter.doFilter(OncePerRequestFilter.java:119) ~[spring-web-5.3.12.jar:5.3.12]
	at org.apache.catalina.core.ApplicationFilterChain.internalDoFilter(ApplicationFilterChain.java:189) ~[tomcat-embed-core-9.0.54.jar:9.0.54]
	at org.apache.catalina.core.ApplicationFilterChain.doFilter(ApplicationFilterChain.java:162) ~[tomcat-embed-core-9.0.54.jar:9.0.54]
	at org.springframework.web.filter.CharacterEncodingFilter.doFilterInternal(CharacterEncodingFilter.java:201) ~[spring-web-5.3.12.jar:5.3.12]
	at org.springframework.web.filter.OncePerRequestFilter.doFilter(OncePerRequestFilter.java:119) ~[spring-web-5.3.12.jar:5.3.12]
	at org.apache.catalina.core.ApplicationFilterChain.internalDoFilter(ApplicationFilterChain.java:189) ~[tomcat-embed-core-9.0.54.jar:9.0.54]
	at org.apache.catalina.core.ApplicationFilterChain.doFilter(ApplicationFilterChain.java:162) ~[tomcat-embed-core-9.0.54.jar:9.0.54]
	at org.apache.catalina.core.StandardWrapperValve.invoke(StandardWrapperValve.java:197) ~[tomcat-embed-core-9.0.54.jar:9.0.54]
	at org.apache.catalina.core.StandardContextValve.invoke(StandardContextValve.java:97) [tomcat-embed-core-9.0.54.jar:9.0.54]
	at org.apache.catalina.authenticator.AuthenticatorBase.invoke(AuthenticatorBase.java:540) [tomcat-embed-core-9.0.54.jar:9.0.54]
	at org.apache.catalina.core.StandardHostValve.invoke(StandardHostValve.java:135) [tomcat-embed-core-9.0.54.jar:9.0.54]
	at org.apache.catalina.valves.ErrorReportValve.invoke(ErrorReportValve.java:92) [tomcat-embed-core-9.0.54.jar:9.0.54]
	at org.apache.catalina.core.StandardEngineValve.invoke(StandardEngineValve.java:78) [tomcat-embed-core-9.0.54.jar:9.0.54]
	at org.apache.catalina.connector.CoyoteAdapter.service(CoyoteAdapter.java:357) [tomcat-embed-core-9.0.54.jar:9.0.54]
	at org.apache.coyote.http11.Http11Processor.service(Http11Processor.java:382) [tomcat-embed-core-9.0.54.jar:9.0.54]
	at org.apache.coyote.AbstractProcessorLight.process(AbstractProcessorLight.java:65) [tomcat-embed-core-9.0.54.jar:9.0.54]
	at org.apache.coyote.AbstractProtocol$ConnectionHandler.process(AbstractProtocol.java:895) [tomcat-embed-core-9.0.54.jar:9.0.54]
	at org.apache.tomcat.util.net.NioEndpoint$SocketProcessor.doRun(NioEndpoint.java:1722) [tomcat-embed-core-9.0.54.jar:9.0.54]
	at org.apache.tomcat.util.net.SocketProcessorBase.run(SocketProcessorBase.java:49) [tomcat-embed-core-9.0.54.jar:9.0.54]
	at org.apache.tomcat.util.threads.ThreadPoolExecutor.runWorker(ThreadPoolExecutor.java:1191) [tomcat-embed-core-9.0.54.jar:9.0.54]
	at org.apache.tomcat.util.threads.ThreadPoolExecutor$Worker.run(ThreadPoolExecutor.java:659) [tomcat-embed-core-9.0.54.jar:9.0.54]
	at org.apache.tomcat.util.threads.TaskThread$WrappingRunnable.run(TaskThread.java:61) [tomcat-embed-core-9.0.54.jar:9.0.54]
	at java.lang.Thread.run(Thread.java:748) [na:1.8.0_171]

2022-05-17 14:12:04.941  INFO 33000 --- [SpringApplicationShutdownHook] org.quartz.core.QuartzScheduler          : Scheduler quartzScheduler_$_NON_CLUSTERED paused.
2022-05-17 14:12:06.043  INFO 33000 --- [SpringApplicationShutdownHook] o.s.s.quartz.SchedulerFactoryBean        : Shutting down Quartz Scheduler
2022-05-17 14:12:06.043  INFO 33000 --- [SpringApplicationShutdownHook] org.quartz.core.QuartzScheduler          : Scheduler quartzScheduler_$_NON_CLUSTERED shutting down.
2022-05-17 14:12:06.043  INFO 33000 --- [SpringApplicationShutdownHook] org.quartz.core.QuartzScheduler          : Scheduler quartzScheduler_$_NON_CLUSTERED paused.
2022-05-17 14:12:06.044  INFO 33000 --- [SpringApplicationShutdownHook] org.quartz.core.QuartzScheduler          : Scheduler quartzScheduler_$_NON_CLUSTERED shutdown complete.
2022-05-17 14:12:06.045  INFO 33000 --- [SpringApplicationShutdownHook] com.zaxxer.hikari.HikariDataSource       : HikariPool-1 - Shutdown initiated...
2022-05-17 14:12:06.053  INFO 33000 --- [SpringApplicationShutdownHook] com.zaxxer.hikari.HikariDataSource       : HikariPool-1 - Shutdown completed.
2022-05-17 14:12:17.297  INFO 40020 --- [main] c.guilin.studycode.StudyCodeApplication  : Starting StudyCodeApplication using Java 1.8.0_171 on DESKTOP-P99LHU4 with PID 40020 (E:\studyCode\StudyCode\target\classes started by guilin in E:\studyCode\StudyCode)
2022-05-17 14:12:17.300  INFO 40020 --- [main] c.guilin.studycode.StudyCodeApplication  : The following profiles are active: test
2022-05-17 14:12:19.402  INFO 40020 --- [main] .s.d.r.c.RepositoryConfigurationDelegate : Multiple Spring Data modules found, entering strict repository configuration mode!
2022-05-17 14:12:19.406  INFO 40020 --- [main] .s.d.r.c.RepositoryConfigurationDelegate : Bootstrapping Spring Data Redis repositories in DEFAULT mode.
2022-05-17 14:12:19.446  INFO 40020 --- [main] .s.d.r.c.RepositoryConfigurationDelegate : Finished Spring Data repository scanning in 23 ms. Found 0 Redis repository interfaces.
2022-05-17 14:12:20.084  INFO 40020 --- [main] trationDelegate$BeanPostProcessorChecker : Bean 'redisConfig' of type [com.guilin.studycode.config.RedisConfig$$EnhancerBySpringCGLIB$$e4bff8d4] is not eligible for getting processed by all BeanPostProcessors (for example: not eligible for auto-proxying)
2022-05-17 14:12:20.745  INFO 40020 --- [main] o.s.b.w.embedded.tomcat.TomcatWebServer  : Tomcat initialized with port(s): 8081 (http)
2022-05-17 14:12:20.758  INFO 40020 --- [main] o.apache.catalina.core.StandardService   : Starting service [Tomcat]
2022-05-17 14:12:20.759  INFO 40020 --- [main] org.apache.catalina.core.StandardEngine  : Starting Servlet engine: [Apache Tomcat/9.0.54]
2022-05-17 14:12:20.922  INFO 40020 --- [main] o.a.c.c.C.[Tomcat].[localhost].[/]       : Initializing Spring embedded WebApplicationContext
2022-05-17 14:12:20.922  INFO 40020 --- [main] w.s.c.ServletWebServerApplicationContext : Root WebApplicationContext: initialization completed in 3488 ms
2022-05-17 14:12:21.320  INFO 40020 --- [main] com.zaxxer.hikari.HikariDataSource       : HikariPool-1 - Starting...
2022-05-17 14:12:21.532  INFO 40020 --- [main] com.zaxxer.hikari.HikariDataSource       : HikariPool-1 - Start completed.
2022-05-17 14:12:22.162  INFO 40020 --- [main] org.quartz.impl.StdSchedulerFactory      : Using default implementation for ThreadExecutor
2022-05-17 14:12:22.174  INFO 40020 --- [main] org.quartz.core.SchedulerSignalerImpl    : Initialized Scheduler Signaller of type: class org.quartz.core.SchedulerSignalerImpl
2022-05-17 14:12:22.175  INFO 40020 --- [main] org.quartz.core.QuartzScheduler          : Quartz Scheduler v.2.3.2 created.
2022-05-17 14:12:22.176  INFO 40020 --- [main] org.quartz.simpl.RAMJobStore             : RAMJobStore initialized.
2022-05-17 14:12:22.177  INFO 40020 --- [main] org.quartz.core.QuartzScheduler          : Scheduler meta-data: Quartz Scheduler (v2.3.2) 'quartzScheduler' with instanceId 'NON_CLUSTERED'
  Scheduler class: 'org.quartz.core.QuartzScheduler' - running locally.
  NOT STARTED.
  Currently in standby mode.
  Number of jobs executed: 0
  Using thread pool 'org.quartz.simpl.SimpleThreadPool' - with 10 threads.
  Using job-store 'org.quartz.simpl.RAMJobStore' - which does not support persistence. and is not clustered.

2022-05-17 14:12:22.177  INFO 40020 --- [main] org.quartz.impl.StdSchedulerFactory      : Quartz scheduler 'quartzScheduler' initialized from an externally provided properties instance.
2022-05-17 14:12:22.177  INFO 40020 --- [main] org.quartz.impl.StdSchedulerFactory      : Quartz scheduler version: 2.3.2
2022-05-17 14:12:22.178  INFO 40020 --- [main] org.quartz.core.QuartzScheduler          : JobFactory set to: org.springframework.scheduling.quartz.SpringBeanJobFactory@786ff0ea
2022-05-17 14:12:23.861  INFO 40020 --- [main] o.s.b.w.embedded.tomcat.TomcatWebServer  : Tomcat started on port(s): 8081 (http) with context path ''
2022-05-17 14:12:24.210  WARN 40020 --- [main] d.s.r.o.OperationImplicitParameterReader : Unable to interpret the implicit parameter configuration with dataType: , dataTypeClass: class java.lang.Void
2022-05-17 14:12:24.213  WARN 40020 --- [main] d.s.r.o.OperationImplicitParameterReader : Unable to interpret the implicit parameter configuration with dataType: , dataTypeClass: class java.lang.Void
2022-05-17 14:12:24.213  WARN 40020 --- [main] d.s.r.o.OperationImplicitParameterReader : Unable to interpret the implicit parameter configuration with dataType: , dataTypeClass: class java.lang.Void
2022-05-17 14:12:24.213  WARN 40020 --- [main] d.s.r.o.OperationImplicitParameterReader : Unable to interpret the implicit parameter configuration with dataType: , dataTypeClass: class java.lang.Void
2022-05-17 14:12:24.274  WARN 40020 --- [main] d.s.r.o.OperationImplicitParameterReader : Unable to interpret the implicit parameter configuration with dataType: , dataTypeClass: class java.lang.Void
2022-05-17 14:12:24.274  WARN 40020 --- [main] d.s.r.o.OperationImplicitParameterReader : Unable to interpret the implicit parameter configuration with dataType: , dataTypeClass: class java.lang.Void
2022-05-17 14:12:24.275  WARN 40020 --- [main] d.s.r.o.OperationImplicitParameterReader : Unable to interpret the implicit parameter configuration with dataType: , dataTypeClass: class java.lang.Void
2022-05-17 14:12:24.275  WARN 40020 --- [main] d.s.r.o.OperationImplicitParameterReader : Unable to interpret the implicit parameter configuration with dataType: , dataTypeClass: class java.lang.Void
2022-05-17 14:12:24.304  INFO 40020 --- [main] o.s.s.quartz.SchedulerFactoryBean        : Starting Quartz Scheduler now
2022-05-17 14:12:24.304  INFO 40020 --- [main] org.quartz.core.QuartzScheduler          : Scheduler quartzScheduler_$_NON_CLUSTERED started.
2022-05-17 14:12:24.318  INFO 40020 --- [main] c.guilin.studycode.StudyCodeApplication  : Started StudyCodeApplication in 7.757 seconds (JVM running for 9.905)
2022-05-17 14:12:24.327  INFO 40020 --- [main] com.guilin.studycode.config.LogAsPect    : get in com.guilin.studycode.controller.runs.RunsController.run ,参数是 params :[org.springframework.boot.DefaultApplicationArguments@2c1a95a2]
2022-05-17 14:12:24.332  INFO 40020 --- [main] o.s.boot.ApplicationRunner               : 启动时自动执行
2022-05-17 14:13:43.340  INFO 40020 --- [http-nio-8081-exec-1] o.a.c.c.C.[Tomcat].[localhost].[/]       : Initializing Spring DispatcherServlet 'dispatcherServlet'
2022-05-17 14:13:43.340  INFO 40020 --- [http-nio-8081-exec-1] o.s.web.servlet.DispatcherServlet        : Initializing Servlet 'dispatcherServlet'
2022-05-17 14:13:43.342  INFO 40020 --- [http-nio-8081-exec-1] o.s.web.servlet.DispatcherServlet        : Completed initialization in 2 ms
2022-05-17 14:13:55.643  INFO 40020 --- [http-nio-8081-exec-6] com.guilin.studycode.config.LogAsPect    : get in com.guilin.studycode.controller.file.FileController.downTemplate ,参数是 params :[org.apache.catalina.connector.RequestFacade@4152abf3, org.apache.catalina.connector.ResponseFacade@4cbbd158, {}]
